<?xml version="1.0" encoding="UTF-8"?>
<!-- Generated by org.testng.reporters.JUnitReportReporter -->
<testsuite skipped="0" hostname="idea-PC" name="Joy.Joy.watchfinder_Isac" tests="1" failures="0" timestamp="06 Apr 2020 19:25:49 GMT" time="8.668" errors="0">
  <testcase name="openBrowser" time="8.668" classname="Joy.Joy.watchfinder_Isac"/>
</testsuite> <!-- Joy.Joy.watchfinder_Isac -->
