<?xml version="1.0" encoding="UTF-8"?>
<!-- Generated by org.testng.reporters.JUnitReportReporter -->
<testsuite skipped="0" hostname="idea-PC" name="workout.test1" tests="1" failures="0" timestamp="15 Apr 2020 17:34:01 GMT" time="8.571" errors="0">
  <testcase name="learning" time="8.571" classname="workout.test1"/>
</testsuite> <!-- workout.test1 -->
