<?xml version="1.0" encoding="UTF-8"?>
<!-- Generated by org.testng.reporters.JUnitReportReporter -->
<testsuite skipped="0" hostname="idea-PC" name="Joy.Joy.AlertMgt" tests="1" failures="0" timestamp="26 Mar 2020 17:16:56 GMT" time="11.384" errors="0">
  <testcase name="almgmt" time="11.384" classname="Joy.Joy.AlertMgt"/>
</testsuite> <!-- Joy.Joy.AlertMgt -->
