<?xml version="1.0" encoding="UTF-8"?>
<!-- Generated by org.testng.reporters.JUnitReportReporter -->
<testsuite skipped="0" hostname="idea-PC" name="Joy.Joy.watchfinder" tests="1" failures="0" timestamp="16 Mar 2020 13:27:35 GMT" time="48.828" errors="0">
  <testcase name="openBrowser" time="48.828" classname="Joy.Joy.watchfinder"/>
</testsuite> <!-- Joy.Joy.watchfinder -->
